(---------------------------------------------------------------------)
(                                                                     )
(    Allegro Netrev Import Logic                                      )
(                                                                     )
(    Drawing          : wilkinson.brd                                 )
(    Software Version : unreleased                                    )
(    Date/Time        : Wed Sep 28 16:28:09 2022                      )
(                                                                     )
(---------------------------------------------------------------------)


------ Directives ------------

Ripup etch:                  No
Ripup delete first segment:  No
Ripup retain bondwire:       No
Ripup symbols:               Always
Missing symbol has error:    No
DRC update:                  Yes
Schematic directory:         'C:\USERS\LAVI\DESKTOP\PROJECT_WIL\AUTOWILL\ORCAD\allegro'
Design Directory:            'C:/Users/lavi/Desktop/project_wil/AutoWill/orcad/board'
Old design name:             'C:/Users/lavi/Desktop/project_wil/AutoWill/orcad/board/wilkinson.brd'
New design name:             'C:/Users/lavi/Desktop/project_wil/AutoWill/orcad/board/wilkinson.brd'

CmdLine: netrev.exe -y 1 -n -i C:\USERS\LAVI\DESKTOP\PROJECT_WIL\AUTOWILL\ORCAD\allegro C:/Users/lavi/Desktop/project_wil/AutoWill/orcad/board/wilkinson.brd C:/Users/lavi/Desktop/project_wil/AutoWill/orcad/board/wilkinson.brd

------ Preparing to read pst files ------

Starting to read C:/USERS/LAVI/DESKTOP/PROJECT_WIL/AUTOWILL/ORCAD/allegro/pstchip.dat 
   Finished reading C:/USERS/LAVI/DESKTOP/PROJECT_WIL/AUTOWILL/ORCAD/allegro/pstchip.dat (00:00:00.01)
Starting to read C:/USERS/LAVI/DESKTOP/PROJECT_WIL/AUTOWILL/ORCAD/allegro/pstxprt.dat 
   Finished reading C:/USERS/LAVI/DESKTOP/PROJECT_WIL/AUTOWILL/ORCAD/allegro/pstxprt.dat (00:00:00.00)
Starting to read C:/USERS/LAVI/DESKTOP/PROJECT_WIL/AUTOWILL/ORCAD/allegro/pstxnet.dat 
   Finished reading C:/USERS/LAVI/DESKTOP/PROJECT_WIL/AUTOWILL/ORCAD/allegro/pstxnet.dat (00:00:00.00)

------ Oversights/Warnings/Errors ------


#1   WARNING(SPMHNI-192): Device/Symbol check warning detected. [help]

WARNING(SPMHNI-194): Symbol 'WIL_R' used by RefDes R1 for device 'R_WIL_R_100' not found. 
The symbol either does not exist in the library path (PSMPATH) or is an old symbol from a previous release.  

Set the correct library path if not set or use dbdoctor to migrate old symbols.

------ Library Paths ------
MODULEPATH =  . 
           C:/Cadence/SPB_17.4/share/local/pcb/modules 
           C:/Users/lavi/Desktop/PROJECT_WIL/AutoWill/orcad/resistor 

PSMPATH =  . 
           symbols 
           .. 
           ../symbols 
           C:/Cadence/SPB_17.4/share/local/pcb/symbols 
           C:/Cadence/SPB_17.4/share/pcb/pcb_lib/symbols 
           C:/Cadence/SPB_17.4/share/pcb/allegrolib/symbols 
           C:/Users/lavi/Desktop/PROJECT_WIL/AutoWill/orcad/package 

PADPATH =  . 
           symbols 
           .. 
           ../symbols 
           C:/Cadence/SPB_17.4/share/local/pcb/padstacks 
           C:/Cadence/SPB_17.4/share/pcb/pcb_lib/symbols 
           C:/Cadence/SPB_17.4/share/pcb/allegrolib/symbols 
           C:/Users/lavi/Desktop/PROJECT_WIL/AutoWill/orcad/resistor 


------ Summary Statistics ------


netrev run on Sep 28 16:28:09 2022
   DESIGN NAME : 'WILKINSON'
   PACKAGING ON Oct  7 2019 04:16:49

   COMPILE 'logic'
   CHECK_PIN_NAMES OFF
   CROSS_REFERENCE OFF
   FEEDBACK OFF
   INCREMENTAL OFF
   INTERFACE_TYPE PHYSICAL
   MAX_ERRORS 500
   MERGE_MINIMUM 5
   NET_NAME_CHARS '#%&()*+-./:=>?@[]^_`|'
   NET_NAME_LENGTH 24
   OVERSIGHTS ON
   REPLACE_CHECK OFF
   SINGLE_NODE_NETS ON
   SPLIT_MINIMUM 0
   SUPPRESS   20
   WARNINGS ON

 No error detected
 No oversight detected
  1 warnings detected

cpu time      0:02:07
elapsed time  0:00:02

