(---------------------------------------------------------------------)
(                                                                     )
(    Allegro Netrev Import Logic                                      )
(                                                                     )
(    Drawing          : wilkinson.brd                                 )
(    Software Version : 17.4S028                                      )
(    Date/Time        : Fri Sep 16 16:58:48 2022                      )
(                                                                     )
(---------------------------------------------------------------------)


------ Directives ------------

Ripup etch:                  No
Ripup delete first segment:  No
Ripup retain bondwire:       No
Ripup symbols:               Always
Missing symbol has error:    No
DRC update:                  Yes
Schematic directory:         'C:\Users\shvmo\PycharmProjects\AutoWill\orcad\allegro'
Design Directory:            'c:/users/shvmo/pycharmprojects/autowill/orcad/board'
Old design name:             'c:/users/shvmo/pycharmprojects/autowill/orcad/board/wilkinson.brd'
New design name:             'c:/users/shvmo/pycharmprojects/autowill/orcad/board/wilkinson.brd'

CmdLine: netrev.exe -y 1 -n -i C:\Users\shvmo\PycharmProjects\AutoWill\orcad\allegro c:/users/shvmo/pycharmprojects/autowill/orcad/board/wilkinson.brd c:/users/shvmo/pycharmprojects/autowill/orcad/board/wilkinson.brd

------ Preparing to read pst files ------

Starting to read C:/Users/shvmo/PycharmProjects/AutoWill/orcad/allegro/pstchip.dat 
   Finished reading C:/Users/shvmo/PycharmProjects/AutoWill/orcad/allegro/pstchip.dat (00:00:00.03)
Starting to read C:/Users/shvmo/PycharmProjects/AutoWill/orcad/allegro/pstxprt.dat 
   Finished reading C:/Users/shvmo/PycharmProjects/AutoWill/orcad/allegro/pstxprt.dat (00:00:00.00)
Starting to read C:/Users/shvmo/PycharmProjects/AutoWill/orcad/allegro/pstxnet.dat 
   Finished reading C:/Users/shvmo/PycharmProjects/AutoWill/orcad/allegro/pstxnet.dat (00:00:00.00)

------ Oversights/Warnings/Errors ------


#1   WARNING(SPMHNI-192): Device/Symbol check warning detected. [help]

WARNING(SPMHNI-194): Symbol 'IO' used by RefDes U1 for device 'IOPORT_IO_IOPORT' not found. 
The symbol either does not exist in the library path (PSMPATH) or is an old symbol from a previous release.  

Set the correct library path if not set or use dbdoctor to migrate old symbols.

------ Library Paths ------
MODULEPATH =  . 
           C:/Cadence/SPB_17.4/share/local/pcb/modules 

PSMPATH =  . 
           symbols 
           .. 
           ../symbols 
           C:/Cadence/SPB_17.4/share/local/pcb/symbols 
           C:/Cadence/SPB_17.4/share/pcb/pcb_lib/symbols 
           C:/Cadence/SPB_17.4/share/pcb/allegrolib/symbols 

PADPATH =  . 
           symbols 
           .. 
           ../symbols 
           C:/Cadence/SPB_17.4/share/local/pcb/padstacks 
           C:/Cadence/SPB_17.4/share/pcb/pcb_lib/symbols 
           C:/Cadence/SPB_17.4/share/pcb/allegrolib/symbols 
           C:/Users/shvmo/PycharmProjects/AutoWill/orcad/costumDesign/pads 


------ Summary Statistics ------


netrev run on Sep 16 16:58:48 2022
   DESIGN NAME : 'WILKINSON'
   PACKAGING ON Mar  9 2022 22:03:45

   COMPILE 'logic'
   CHECK_PIN_NAMES OFF
   CROSS_REFERENCE OFF
   FEEDBACK OFF
   INCREMENTAL OFF
   INTERFACE_TYPE PHYSICAL
   MAX_ERRORS 500
   MERGE_MINIMUM 5
   NET_NAME_CHARS '#%&()*+-./:=>?@[]^_`|'
   NET_NAME_LENGTH 24
   OVERSIGHTS ON
   REPLACE_CHECK OFF
   SINGLE_NODE_NETS ON
   SPLIT_MINIMUM 0
   SUPPRESS   20
   WARNINGS ON

 No error detected
 No oversight detected
  1 warnings detected

cpu time      0:00:37
elapsed time  0:00:00

