(---------------------------------------------------------------------)
(                                                                     )
(    Allegro Netrev Import Logic                                      )
(                                                                     )
(    Drawing          : wilkinson.brd                                 )
(    Software Version : 17.4S028                                      )
(    Date/Time        : Fri Sep 16 17:10:19 2022                      )
(                                                                     )
(---------------------------------------------------------------------)


------ Directives ------------

Ripup etch:                  No
Ripup delete first segment:  No
Ripup retain bondwire:       No
Ripup symbols:               Always
Missing symbol has error:    No
DRC update:                  Yes
Schematic directory:         'C:\Users\shvmo\PycharmProjects\AutoWill\orcad\allegro'
Design Directory:            'C:/Users/shvmo/PycharmProjects/AutoWill/orcad/board'
Old design name:             'C:/Users/shvmo/PycharmProjects/AutoWill/orcad/board/wilkinson.brd'
New design name:             'C:/Users/shvmo/PycharmProjects/AutoWill/orcad/board/wilkinson.brd'

CmdLine: netrev -i C:\Users\shvmo\PycharmProjects\AutoWill\orcad\allegro -y 1 -q netrev_constraint_report.xml C:/Users/shvmo/PycharmProjects/AutoWill/orcad/board/#Taaaabk10768.tmp

------ Preparing to read pst files ------

Starting to read C:/Users/shvmo/PycharmProjects/AutoWill/orcad/allegro/pstchip.dat 
   Finished reading C:/Users/shvmo/PycharmProjects/AutoWill/orcad/allegro/pstchip.dat (00:00:00.03)
Starting to read C:/Users/shvmo/PycharmProjects/AutoWill/orcad/allegro/pstxprt.dat 
   Finished reading C:/Users/shvmo/PycharmProjects/AutoWill/orcad/allegro/pstxprt.dat (00:00:00.00)
Starting to read C:/Users/shvmo/PycharmProjects/AutoWill/orcad/allegro/pstxnet.dat 
   Finished reading C:/Users/shvmo/PycharmProjects/AutoWill/orcad/allegro/pstxnet.dat (00:00:00.00)

------ Oversights/Warnings/Errors ------


------ Library Paths ------
MODULEPATH =  . 
           C:/Cadence/SPB_17.4/share/local/pcb/modules 

PSMPATH =  . 
           symbols 
           .. 
           ../symbols 
           C:/Cadence/SPB_17.4/share/local/pcb/symbols 
           C:/Cadence/SPB_17.4/share/pcb/pcb_lib/symbols 
           C:/Cadence/SPB_17.4/share/pcb/allegrolib/symbols 
           C:/Users/shvmo/PycharmProjects/AutoWill/orcad/costumDesign 

PADPATH =  . 
           symbols 
           .. 
           ../symbols 
           C:/Cadence/SPB_17.4/share/local/pcb/padstacks 
           C:/Cadence/SPB_17.4/share/pcb/pcb_lib/symbols 
           C:/Cadence/SPB_17.4/share/pcb/allegrolib/symbols 
           C:/Users/shvmo/PycharmProjects/AutoWill/orcad/costumDesign/pads 


------ Summary Statistics ------


netrev run on Sep 16 17:10:19 2022
   DESIGN NAME : 'WILKINSON'
   PACKAGING ON Mar  9 2022 22:03:45

   COMPILE 'logic'
   CHECK_PIN_NAMES OFF
   CROSS_REFERENCE OFF
   FEEDBACK OFF
   INCREMENTAL OFF
   INTERFACE_TYPE PHYSICAL
   MAX_ERRORS 500
   MERGE_MINIMUM 5
   NET_NAME_CHARS '#%&()*+-./:=>?@[]^_`|'
   NET_NAME_LENGTH 24
   OVERSIGHTS ON
   REPLACE_CHECK OFF
   SINGLE_NODE_NETS ON
   SPLIT_MINIMUM 0
   SUPPRESS   20
   WARNINGS ON

 No error detected
 No oversight detected
 No warning detected

cpu time      0:00:38
elapsed time  0:00:00

